<?xml version="1.0" encoding="UTF-8"?>
<!-- Generated by org.testng.reporters.JUnitReportReporter -->
<testsuite hostname="AjeetPC" failures="0" tests="1" name="base.C" time="0.007" errors="0" timestamp="20 Aug 2025 12:39:38 GMT" skipped="0">
  <testcase classname="base.C" name="r" time="0.007"/>
</testsuite> <!-- base.C -->
