<?xml version="1.0" encoding="UTF-8"?>
<!-- Generated by org.testng.reporters.JUnitReportReporter -->
<testsuite hostname="AjeetPC" failures="0" tests="2" name="tests.AmazonE2ETest" time="20.700" errors="0" timestamp="04 Sep 2025 14:57:44 GMT" skipped="0">
  <testcase classname="tests.AmazonE2ETest" name="testInvalidPassword" time="10.173"/>
  <testcase classname="tests.AmazonE2ETest" name="testValidLogin" time="10.527"/>
</testsuite> <!-- tests.AmazonE2ETest -->
